Flutter crash report.
Please report a bug at https://github.com/flutter/flutter/issues.

## command

flutter run --machine --start-paused -d chrome --devtools-server-address http://127.0.0.1:9100/ --target /Users/robmllze/Projects/Flutter/personal/@DevCetra/df_packages/CREATED/df_pod/_tests/test_basics/lib/main.dart

## exception

HttpException: HttpException: Connection closed before full header was received, uri = http://localhost:52831/json

```
```

## flutter doctor

```
[!] Flutter (Channel stable, 3.24.0, on macOS 14.5 23F79 darwin-arm64, locale en-AU)
    • Flutter version 3.24.0 on channel stable at /Users/robmllze/flutter
    ! The flutter binary is not on your path. Consider adding /Users/robmllze/flutter/bin to your path.
    ! The dart binary is not on your path. Consider adding /Users/robmllze/flutter/bin to your path.
    • Upstream repository https://github.com/flutter/flutter.git
    • Framework revision 80c2e84975 (6 weeks ago), 2024-07-30 23:06:49 +0700
    • Engine revision b8800d88be
    • Dart version 3.5.0
    • DevTools version 2.37.2
    • If those were intentional, you can disregard the above warnings; however it is recommended to use "git" directly to perform update checks and upgrades.

[!] Android toolchain - develop for Android devices (Android SDK version 33.0.0)
    • Android SDK at /Users/robmllze/Library/Android/sdk
    • Platform android-34, build-tools 33.0.0
    • Java binary at: /Applications/Android Studio.app/Contents/jbr/Contents/Home/bin/java
    • Java version OpenJDK Runtime Environment (build 17.0.6+0-17.0.6b802.4-9586694)
    ! Some Android licenses not accepted. To resolve this, run: flutter doctor --android-licenses

[!] Xcode - develop for iOS and macOS (Xcode 15.4)
    • Xcode at /Applications/Xcode.app/Contents/Developer
    • Build 15F31d
    ✗ CocoaPods not installed.
        CocoaPods is a package manager for iOS or macOS platform code.
        Without CocoaPods, plugins will not work on iOS or macOS.
        For more info, see https://flutter.dev/to/platform-plugins
      For installation instructions, see https://guides.cocoapods.org/using/getting-started.html#installation

[✓] Chrome - develop for the web
    • Chrome at /Applications/Google Chrome.app/Contents/MacOS/Google Chrome

[✓] Android Studio (version 2022.2)
    • Android Studio at /Applications/Android Studio.app/Contents
    • Flutter plugin can be installed from:
      🔨 https://plugins.jetbrains.com/plugin/9212-flutter
    • Dart plugin can be installed from:
      🔨 https://plugins.jetbrains.com/plugin/6351-dart
    • Java version OpenJDK Runtime Environment (build 17.0.6+0-17.0.6b802.4-9586694)

[✓] VS Code (version 1.93.0)
    • VS Code at /Applications/Visual Studio Code.app/Contents
    • Flutter extension version 3.97.20240902

[✓] Connected device (4 available)
    • robsiphone (mobile)             • 00008110-000C61C1347B801E • ios            • iOS 17.6.1 21G93
    • macOS (desktop)                 • macos                     • darwin-arm64   • macOS 14.5 23F79 darwin-arm64
    • Mac Designed for iPad (desktop) • mac-designed-for-ipad     • darwin         • macOS 14.5 23F79 darwin-arm64
    • Chrome (web)                    • chrome                    • web-javascript • Google Chrome 128.0.6613.138

[✓] Network resources
    • All expected network resources are available.

! Doctor found issues in 3 categories.
```
